<?xml version="1.0" encoding="UTF-8"?>
<!-- Generated by org.testng.reporters.JUnitReportReporter -->
<testsuite hostname="DELL" failures="0" tests="1" name="testngpack.AssertionTest" time="15.093" errors="0" timestamp="2022-08-24T22:20:32 IST" skipped="0">
  <testcase classname="testngpack.AssertionTest" name="ActitimeTest" time="15.093"/>
  <system-out>
    <![CDATA[login page title is verified
username text box is displayed
pasword text box is displayed
login button  is displayed
Home page title is verified
create user
create reports]]>
  </system-out>
</testsuite> <!-- testngpack.AssertionTest -->
