<?xml version="1.0" encoding="UTF-8"?>
<!-- Generated by org.testng.reporters.JUnitReportReporter -->
<testsuite hostname="DELL" failures="0" tests="1" name="testngpack.Flag1" time="0.017" errors="0" timestamp="2022-08-21T12:37:59 IST" skipped="0">
  <testcase classname="testngpack.Flag1" name="ValidLogin" time="0.017"/>
  <system-out>
    <![CDATA[ActiTime login Successful]]>
  </system-out>
</testsuite> <!-- testngpack.Flag1 -->
