<?xml version="1.0" encoding="UTF-8"?>
<!-- Generated by org.testng.reporters.JUnitReportReporter -->
<testsuite hostname="DELL" failures="0" tests="1" name="testngpack.ActiTimeAssert" time="29.309" errors="0" timestamp="2022-08-25T15:13:39 IST" skipped="0">
  <testcase classname="testngpack.ActiTimeAssert" name="ActitimeTest" time="29.309"/>
  <system-out>
    <![CDATA[login page title is verified
username text box is displayed
pasword text box is displayed
login button  is displayed]]>
  </system-out>
</testsuite> <!-- testngpack.ActiTimeAssert -->
