<?xml version="1.0" encoding="UTF-8"?>
<!-- Generated by org.testng.reporters.JUnitReportReporter -->
<testsuite hostname="DELL" failures="0" tests="3" name="testannotationpack.TestAnnotationPractice" time="0.016" errors="0" timestamp="2022-08-23T08:36:47 IST" skipped="0">
  <testcase classname="testannotationpack.TestAnnotationPractice" name="method1" time="0.009"/>
  <system-out>
    <![CDATA[Test Annotation in Method1]]>
  </system-out>
  <testcase classname="testannotationpack.TestAnnotationPractice" name="method9" time="0.003"/>
  <system-out>
    <![CDATA[Test Annotation in Method9]]>
  </system-out>
  <testcase classname="testannotationpack.TestAnnotationPractice" name="method8" time="0.004"/>
  <system-out>
    <![CDATA[Test Annotation in Method8]]>
  </system-out>
</testsuite> <!-- testannotationpack.TestAnnotationPractice -->
