<?xml version="1.0" encoding="UTF-8"?>
<!-- Generated by org.testng.reporters.JUnitReportReporter -->
<testsuite hostname="DELL" failures="0" tests="2" name="testngpack.Practice" time="32.828" errors="0" timestamp="2022-08-23T08:01:10 IST" skipped="0">
  <testcase classname="testngpack.Practice" name="validActiTimeLogin" time="17.810"/>
  <system-out/>
  <testcase classname="testngpack.Practice" name="validActiTimeLogin" time="15.018"/>
  <system-out/>
</testsuite> <!-- testngpack.Practice -->
