<?xml version="1.0" encoding="UTF-8"?>
<!-- Generated by org.testng.reporters.JUnitReportReporter -->
<testsuite hostname="DELL" failures="0" tests="2" name="testngpack.ValidActiTimeLogin" time="26.798" errors="0" timestamp="2022-08-23T08:41:23 IST" skipped="0">
  <testcase classname="testngpack.ValidActiTimeLogin" name="validActiTimeLogin" time="12.695"/>
  <system-out/>
  <testcase classname="testngpack.ValidActiTimeLogin" name="validActiTimeLogin" time="14.103"/>
  <system-out/>
</testsuite> <!-- testngpack.ValidActiTimeLogin -->
