<?xml version="1.0" encoding="UTF-8"?>
<!-- Generated by org.testng.reporters.JUnitReportReporter -->
<testsuite hostname="DELL" failures="0" tests="1" name="testngpack.Demo" time="0.021" errors="0" timestamp="2022-08-17T16:02:21 IST" skipped="0">
  <testcase classname="testngpack.Demo" name="a" time="0.021"/>
  <system-out>
    <![CDATA[Hi! I am from method a Using reporter
Hi! I am from method a using reporter]]>
  </system-out>
</testsuite> <!-- testngpack.Demo -->
