<?xml version="1.0" encoding="UTF-8"?>
<!-- Generated by org.testng.reporters.JUnitReportReporter -->
<testsuite hostname="DELL" failures="0" tests="12" name="testngpack.GroupTestNG" time="0.038" errors="0" timestamp="2022-08-23T09:01:56 IST" skipped="0">
  <testcase classname="testngpack.GroupTestNG" name="ft6" time="0.002"/>
  <system-out>
    <![CDATA[Functional test case 6]]>
  </system-out>
  <testcase classname="testngpack.GroupTestNG" name="ft5" time="0.002"/>
  <system-out>
    <![CDATA[Functional test case 5]]>
  </system-out>
  <testcase classname="testngpack.GroupTestNG" name="it3" time="0.002"/>
  <system-out>
    <![CDATA[Integration test case 3]]>
  </system-out>
  <testcase classname="testngpack.GroupTestNG" name="it1" time="0.002"/>
  <system-out>
    <![CDATA[Integration test case 1]]>
  </system-out>
  <testcase classname="testngpack.GroupTestNG" name="ft3" time="0.002"/>
  <system-out>
    <![CDATA[Functional test case 3]]>
  </system-out>
  <testcase classname="testngpack.GroupTestNG" name="ft4" time="0.003"/>
  <system-out>
    <![CDATA[Functional test case 4]]>
  </system-out>
  <testcase classname="testngpack.GroupTestNG" name="it4" time="0.002"/>
  <system-out>
    <![CDATA[Integration test case 4]]>
  </system-out>
  <testcase classname="testngpack.GroupTestNG" name="it6" time="0.002"/>
  <system-out>
    <![CDATA[Integration test case 6]]>
  </system-out>
  <testcase classname="testngpack.GroupTestNG" name="ft1" time="0.013"/>
  <system-out>
    <![CDATA[Functional test case 1]]>
  </system-out>
  <testcase classname="testngpack.GroupTestNG" name="ft2" time="0.002"/>
  <system-out>
    <![CDATA[Functional test case 2]]>
  </system-out>
  <testcase classname="testngpack.GroupTestNG" name="it2" time="0.003"/>
  <system-out>
    <![CDATA[Integration test case 2]]>
  </system-out>
  <testcase classname="testngpack.GroupTestNG" name="it5" time="0.003"/>
  <system-out>
    <![CDATA[Integration test case 5]]>
  </system-out>
</testsuite> <!-- testngpack.GroupTestNG -->
