<?xml version="1.0" encoding="UTF-8"?>
<!-- Generated by org.testng.reporters.JUnitReportReporter -->
<testsuite hostname="DELL" failures="0" tests="1" name="testngpack.Flag2" time="0.018" errors="0" timestamp="2022-08-21T12:44:06 IST" skipped="0">
  <testcase classname="testngpack.Flag2" name="ValidActLogin" time="0.018"/>
  <system-out>
    <![CDATA[ActiTime login successful]]>
  </system-out>
</testsuite> <!-- testngpack.Flag2 -->
